<?xml version="1.0" encoding="UTF-8"?>
<!-- Generated by org.testng.reporters.JUnitReportReporter -->
<testsuite hostname="IN-FK172J3" failures="0" tests="3" name="day7.Authentication" time="13.677" errors="0" timestamp="2023-02-03T16:40:31 IST" skipped="0">
  <testcase classname="day7.Authentication" name="digestAuthenticationUserNameAndPassword" time="4.907"/>
  <system-out/>
  <testcase classname="day7.Authentication" name="preemptiveAuthenticationUserNameAndPassword" time="1.335"/>
  <system-out/>
  <testcase classname="day7.Authentication" name="BasicAuthenticationUserNameAndPassword" time="7.435"/>
  <system-out/>
</testsuite> <!-- day7.Authentication -->
