<?xml version="1.0" encoding="UTF-8"?>
<!-- Generated by org.testng.reporters.JUnitReportReporter -->
<testsuite hostname="IN-FK172J3" failures="0" tests="1" name="day4.ParsingJSONResponseData" time="1.158" errors="0" timestamp="2023-02-03T11:13:14 IST" skipped="0">
  <testcase classname="day4.ParsingJSONResponseData" name="totalBookPrice" time="1.158"/>
  <system-out/>
</testsuite> <!-- day4.ParsingJSONResponseData -->
