<?xml version="1.0" encoding="UTF-8"?>
<!-- Generated by org.testng.reporters.JUnitReportReporter -->
<testsuite hostname="IN-FK172J3" failures="0" tests="5" name="Chaining.ChainingTest" time="5.872" errors="0" timestamp="2023-02-06T11:26:21 IST" skipped="0">
  <testcase classname="Chaining.ChainingTest" name="createUser" time="3.361"/>
  <system-out/>
  <testcase classname="Chaining.ChainingTest" name="getUserDetails" time="0.725"/>
  <system-out/>
  <testcase classname="Chaining.ChainingTest" name="updateUserDetails" time="0.707"/>
  <system-out/>
  <testcase classname="Chaining.ChainingTest" name="deleteUserDetails" time="0.598"/>
  <system-out/>
  <testcase classname="Chaining.ChainingTest" name="FindtheUserAndTheUserIndex" time="0.481"/>
  <system-out/>
</testsuite> <!-- Chaining.ChainingTest -->
