<?xml version="1.0" encoding="UTF-8"?>
<!-- Generated by org.testng.reporters.JUnitReportReporter -->
<testsuite hostname="IN-FK172J3" failures="0" tests="1" name="day5.ParsingXMLResponseData" time="2.278" errors="0" timestamp="2023-02-03T13:23:19 IST" skipped="0">
  <testcase classname="day5.ParsingXMLResponseData" name="ParsingXMLResponseDataApproach3" time="2.278"/>
  <system-out/>
</testsuite> <!-- day5.ParsingXMLResponseData -->
