<?xml version="1.0" encoding="UTF-8"?>
<!-- Generated by org.testng.reporters.JUnitReportReporter -->
<testsuite hostname="IN-FK172J3" failures="0" tests="1" name="day7.Auth1Authentication" time="2.736" errors="0" timestamp="2023-02-03T17:03:10 IST" skipped="0">
  <testcase classname="day7.Auth1Authentication" name="testAuth2Authentication" time="2.736"/>
  <system-out/>
</testsuite> <!-- day7.Auth1Authentication -->
