<?xml version="1.0" encoding="UTF-8"?>
<!-- Generated by org.testng.reporters.JUnitReportReporter -->
<testsuite hostname="IN-FK172J3" failures="0" tests="1" name="day3.headersDemo" time="2.755" errors="0" timestamp="2023-02-02T16:38:27 IST" skipped="0">
  <testcase classname="day3.headersDemo" name="getHeaders" time="2.755"/>
  <system-out/>
</testsuite> <!-- day3.headersDemo -->
