<?xml version="1.0" encoding="UTF-8"?>
<!-- Generated by org.testng.reporters.JUnitReportReporter -->
<testsuite hostname="IN-FK172J3" failures="0" tests="1" name="day3.CookiesDemo" time="1.741" errors="0" timestamp="2023-02-02T16:22:34 IST" skipped="0">
  <testcase classname="day3.CookiesDemo" name="getcookie" time="1.741"/>
  <system-out/>
</testsuite> <!-- day3.CookiesDemo -->
