<?xml version="1.0" encoding="UTF-8"?>
<!-- Generated by org.testng.reporters.JUnitReportReporter -->
<testsuite hostname="IN-FK172J3" failures="0" tests="1" name="day1.httpRequest" time="3.504" errors="0" timestamp="2023-02-03T15:54:40 IST" skipped="0">
  <testcase classname="day1.httpRequest" name="createUserWithChaining" time="3.504"/>
  <system-out/>
</testsuite> <!-- day1.httpRequest -->
