<?xml version="1.0" encoding="UTF-8"?>
<!-- Generated by org.testng.reporters.JUnitReportReporter -->
<testsuite hostname="IN-FK172J3" failures="0" tests="1" name="day3.PathAndQueryParameters" time="2.832" errors="0" timestamp="2023-02-02T15:20:38 IST" skipped="0">
  <testcase classname="day3.PathAndQueryParameters" name="testPathAndQueryParameters" time="2.832"/>
  <system-out/>
</testsuite> <!-- day3.PathAndQueryParameters -->
