<?xml version="1.0" encoding="UTF-8"?>
<!-- Generated by org.testng.reporters.JUnitReportReporter -->
<testsuite hostname="IN-FK172J3" failures="0" tests="1" name="day7.bearerTokenAuthentication" time="2.473" errors="0" timestamp="2023-02-03T16:57:56 IST" skipped="0">
  <testcase classname="day7.bearerTokenAuthentication" name="BearerAuthentication" time="2.473"/>
  <system-out/>
</testsuite> <!-- day7.bearerTokenAuthentication -->
