<?xml version="1.0" encoding="UTF-8"?>
<!-- Generated by org.testng.reporters.JUnitReportReporter -->
<testsuite hostname="IN-FK172J3" failures="0" tests="1" name="day6.JSONschemaValidation" time="2.338" errors="0" timestamp="2023-02-03T15:20:40 IST" skipped="0">
  <testcase classname="day6.JSONschemaValidation" name="JSONSchemaValidationTest" time="2.338"/>
  <system-out/>
</testsuite> <!-- day6.JSONschemaValidation -->
