<?xml version="1.0" encoding="UTF-8"?>
<!-- Generated by org.testng.reporters.JUnitReportReporter -->
<testsuite hostname="IN-FK172J3" failures="0" tests="1" name="day2.differentWaysPostBody" time="2.544" errors="0" timestamp="2023-02-03T18:27:40 IST" skipped="0">
  <testcase classname="day2.differentWaysPostBody" name="way1UsingHashMap" time="2.544"/>
  <system-out/>
</testsuite> <!-- day2.differentWaysPostBody -->
