<?xml version="1.0" encoding="UTF-8"?>
<!-- Generated by org.testng.reporters.JUnitReportReporter -->
<testsuite hostname="IN-FK172J3" failures="0" tests="1" name="day5.FileUpload" time="2.170" errors="0" timestamp="2023-02-03T13:46:15 IST" skipped="0">
  <testcase classname="day5.FileUpload" name="MultiFileUpload" time="2.170"/>
  <system-out/>
</testsuite> <!-- day5.FileUpload -->
