<?xml version="1.0" encoding="UTF-8"?>
<!-- Generated by org.testng.reporters.JUnitReportReporter -->
<testsuite hostname="IN-FK172J3" failures="0" tests="1" name="day8.FakerDataGenerator" time="0.245" errors="0" timestamp="2023-02-03T17:21:05 IST" skipped="0">
  <testcase classname="day8.FakerDataGenerator" name="FakeDataGenerator" time="0.245"/>
  <system-out/>
</testsuite> <!-- day8.FakerDataGenerator -->
